<?xml version="1.0" encoding="UTF-8"?>
<testsuite name="DiceTest" tests="4" skipped="0" failures="0" errors="0" timestamp="2020-02-26T12:13:43" hostname="Area51s-MacBook-Pro.local" time="0.033">
  <properties/>
  <testcase name="SidesGreaterThanOne()" classname="DiceTest" time="0.019"/>
  <testcase name="probabilitySum()" classname="DiceTest" time="0.003"/>
  <testcase name="OnlyIntegerValues()" classname="DiceTest" time="0.004"/>
  <testcase name="NegativeProbabilities()" classname="DiceTest" time="0.001"/>
  <system-out><![CDATA[]]></system-out>
  <system-err><![CDATA[]]></system-err>
</testsuite>
